<?xml version="1.0" encoding="UTF-8"?>
<testng-results ignored="0" total="1" passed="1" failed="0" skipped="0">
  <reporter-output>
  </reporter-output>
  <suite started-at="2022-08-16T11:24:08Z" name="Suite" finished-at="2022-08-16T11:24:08Z" duration-ms="39">
    <groups>
    </groups>
    <test started-at="2022-08-16T11:24:08Z" name="Test" finished-at="2022-08-16T11:24:08Z" duration-ms="39">
      <class name="myTests.TestNow">
        <test-method signature="test1()[pri:0, instance:myTests.TestNow@69f1a286]" started-at="2022-08-16T11:24:08Z" name="test1" finished-at="2022-08-16T11:24:08Z" duration-ms="13" status="PASS">
          <reporter-output>
          </reporter-output>
        </test-method> <!-- test1 -->
      </class> <!-- myTests.TestNow -->
    </test> <!-- Test -->
  </suite> <!-- Suite -->
</testng-results>
